mode: set
itk/internal/wallet/handler.go:13.68,17.2 3 1
itk/internal/wallet/handler.go:28.62,30.2 1 1
itk/internal/wallet/handler.go:43.60,46.2 2 1
itk/internal/wallet/handler.go:49.79,50.33 1 1
itk/internal/wallet/handler.go:50.33,53.3 2 1
itk/internal/wallet/handler.go:55.2,56.60 2 1
itk/internal/wallet/handler.go:56.60,59.3 2 1
itk/internal/wallet/handler.go:61.2,62.16 2 1
itk/internal/wallet/handler.go:62.16,65.3 2 1
itk/internal/wallet/handler.go:67.2,77.16 5 1
itk/internal/wallet/handler.go:77.16,78.34 1 1
itk/internal/wallet/handler.go:78.34,81.4 2 1
itk/internal/wallet/handler.go:82.3,83.9 2 1
itk/internal/wallet/handler.go:86.2,91.33 3 1
itk/internal/wallet/handler.go:94.76,95.32 1 1
itk/internal/wallet/handler.go:95.32,98.3 2 1
itk/internal/wallet/handler.go:101.2,102.44 2 1
itk/internal/wallet/handler.go:102.44,105.3 2 1
itk/internal/wallet/handler.go:106.2,110.14 3 1
itk/internal/wallet/handler.go:110.14,113.3 2 1
itk/internal/wallet/handler.go:115.2,116.16 2 1
itk/internal/wallet/handler.go:116.16,119.3 2 1
itk/internal/wallet/handler.go:121.2,125.16 4 1
itk/internal/wallet/handler.go:125.16,128.3 2 1
itk/internal/wallet/handler.go:129.2,134.33 3 1
itk/internal/wallet/repository.go:19.42,21.2 1 1
itk/internal/wallet/repository.go:23.85,26.16 3 1
itk/internal/wallet/repository.go:26.16,27.39 1 0
itk/internal/wallet/repository.go:27.39,29.4 1 0
itk/internal/wallet/repository.go:30.3,30.30 1 0
itk/internal/wallet/repository.go:32.2,32.17 1 1
itk/internal/wallet/repository.go:35.126,37.16 2 1
itk/internal/wallet/repository.go:37.16,39.3 1 0
itk/internal/wallet/repository.go:40.2,40.15 1 1
itk/internal/wallet/repository.go:40.15,42.3 1 1
itk/internal/wallet/repository.go:44.2,46.16 3 1
itk/internal/wallet/repository.go:46.16,47.36 1 1
itk/internal/wallet/repository.go:47.36,48.34 1 1
itk/internal/wallet/repository.go:48.34,52.19 2 1
itk/internal/wallet/repository.go:52.19,54.6 1 0
itk/internal/wallet/repository.go:55.5,55.41 1 1
itk/internal/wallet/repository.go:55.41,57.6 1 0
itk/internal/wallet/repository.go:58.5,58.31 1 1
itk/internal/wallet/repository.go:60.4,60.31 1 0
itk/internal/wallet/repository.go:62.3,62.16 1 0
itk/internal/wallet/repository.go:65.2,66.23 2 1
itk/internal/wallet/repository.go:67.17,68.39 1 1
itk/internal/wallet/repository.go:69.18,70.30 1 1
itk/internal/wallet/repository.go:70.30,72.4 1 1
itk/internal/wallet/repository.go:73.3,73.39 1 1
itk/internal/wallet/repository.go:74.10,75.44 1 0
itk/internal/wallet/repository.go:78.2,79.16 2 1
itk/internal/wallet/repository.go:79.16,81.3 1 0
itk/internal/wallet/repository.go:83.2,83.38 1 1
itk/internal/wallet/repository.go:83.38,85.3 1 0
itk/internal/wallet/repository.go:87.2,87.24 1 1
itk/internal/wallet/service.go:19.52,21.2 1 1
itk/internal/wallet/service.go:29.92,31.2 1 1
itk/internal/wallet/service.go:33.98,34.21 1 1
itk/internal/wallet/service.go:34.21,36.3 1 1
itk/internal/wallet/service.go:37.2,37.71 1 1
itk/internal/wallet/service.go:37.71,39.3 1 1
itk/internal/wallet/service.go:40.2,40.81 1 1
